<?xml version="1.0" encoding="UTF-8"?>
<testng-results ignored="0" total="1" passed="1" failed="0" skipped="0">
  <reporter-output>
  </reporter-output>
  <suite started-at="2024-06-07T19:29:23 BDT" name="Default suite" finished-at="2024-06-07T19:29:28 BDT" duration-ms="5299">
    <groups>
    </groups>
    <test started-at="2024-06-07T19:29:23 BDT" name="Default test" finished-at="2024-06-07T19:29:28 BDT" duration-ms="5299">
      <class name="WebElements_Locators.LocateByTagName">
        <test-method is-config="true" signature="startChromeBrowser()[pri:0, instance:WebElements_Locators.LocateByTagName@5b799640]" started-at="2024-06-07T19:29:18 BDT" name="startChromeBrowser" finished-at="2024-06-07T19:29:23 BDT" duration-ms="5021" status="PASS">
          <reporter-output>
          </reporter-output>
        </test-method> <!-- startChromeBrowser -->
        <test-method is-config="true" signature="openUrl()[pri:0, instance:WebElements_Locators.LocateByTagName@5b799640]" started-at="2024-06-07T19:29:23 BDT" name="openUrl" finished-at="2024-06-07T19:29:25 BDT" duration-ms="2099" status="PASS">
          <reporter-output>
          </reporter-output>
        </test-method> <!-- openUrl -->
        <test-method signature="locateByTagName()[pri:0, instance:WebElements_Locators.LocateByTagName@5b799640]" started-at="2024-06-07T19:29:25 BDT" name="locateByTagName" finished-at="2024-06-07T19:29:28 BDT" duration-ms="3074" status="PASS">
          <reporter-output>
          </reporter-output>
        </test-method> <!-- locateByTagName -->
        <test-method is-config="true" signature="closeChromeBrowser()[pri:0, instance:WebElements_Locators.LocateByTagName@5b799640]" started-at="2024-06-07T19:29:28 BDT" name="closeChromeBrowser" finished-at="2024-06-07T19:29:29 BDT" duration-ms="508" status="PASS">
          <reporter-output>
          </reporter-output>
        </test-method> <!-- closeChromeBrowser -->
      </class> <!-- WebElements_Locators.LocateByTagName -->
    </test> <!-- Default test -->
  </suite> <!-- Default suite -->
</testng-results>
