<?xml version="1.0" encoding="UTF-8"?>
<testng-results ignored="0" total="1" passed="1" failed="0" skipped="0">
  <reporter-output>
  </reporter-output>
  <suite started-at="2024-07-10T23:23:57 BDT" name="Default suite" finished-at="2024-07-10T23:24:09 BDT" duration-ms="12001">
    <groups>
    </groups>
    <test started-at="2024-07-10T23:23:57 BDT" name="Default test" finished-at="2024-07-10T23:24:09 BDT" duration-ms="12001">
      <class name="Action_And_Select_Class.CopyAndPaste">
        <test-method is-config="true" signature="startBrowser()[pri:0, instance:Action_And_Select_Class.CopyAndPaste@5b799640]" started-at="2024-07-10T23:23:54 BDT" name="startBrowser" finished-at="2024-07-10T23:23:57 BDT" duration-ms="3356" status="PASS">
          <reporter-output>
          </reporter-output>
        </test-method> <!-- startBrowser -->
        <test-method is-config="true" signature="OpenUrl()[pri:0, instance:Action_And_Select_Class.CopyAndPaste@5b799640]" started-at="2024-07-10T23:23:57 BDT" name="OpenUrl" finished-at="2024-07-10T23:23:59 BDT" duration-ms="2285" status="PASS">
          <reporter-output>
          </reporter-output>
        </test-method> <!-- OpenUrl -->
        <test-method signature="copyAndPaste()[pri:0, instance:Action_And_Select_Class.CopyAndPaste@5b799640]" started-at="2024-07-10T23:23:59 BDT" name="copyAndPaste" finished-at="2024-07-10T23:24:09 BDT" duration-ms="9607" status="PASS">
          <reporter-output>
          </reporter-output>
        </test-method> <!-- copyAndPaste -->
        <test-method is-config="true" signature="closeBrowser()[pri:0, instance:Action_And_Select_Class.CopyAndPaste@5b799640]" started-at="2024-07-10T23:24:09 BDT" name="closeBrowser" finished-at="2024-07-10T23:24:09 BDT" duration-ms="156" status="PASS">
          <reporter-output>
          </reporter-output>
        </test-method> <!-- closeBrowser -->
      </class> <!-- Action_And_Select_Class.CopyAndPaste -->
    </test> <!-- Default test -->
  </suite> <!-- Default suite -->
</testng-results>
